<?xml version="1.0" encoding="UTF-8"?>
<testng-results ignored="0" total="1" passed="1" failed="0" skipped="0">
  <reporter-output>
  </reporter-output>
  <suite started-at="2025-04-19T10:25:53 IST" name="Default suite" finished-at="2025-04-19T10:26:19 IST" duration-ms="25511">
    <groups>
    </groups>
    <test started-at="2025-04-19T10:25:53 IST" name="Default test" finished-at="2025-04-19T10:26:19 IST" duration-ms="25511">
      <class name="test.LoginTest">
        <test-method is-config="true" signature="browserLaunch()[pri:0, instance:test.LoginTest@2a7f1f10]" started-at="2025-04-19T10:25:53 IST" name="browserLaunch" finished-at="2025-04-19T10:26:18 IST" duration-ms="25293" status="PASS">
          <reporter-output>
          </reporter-output>
        </test-method> <!-- browserLaunch -->
        <test-method signature="verifyprivacyclick()[pri:0, instance:test.LoginTest@2a7f1f10]" started-at="2025-04-19T10:26:18 IST" name="verifyprivacyclick" finished-at="2025-04-19T10:26:19 IST" duration-ms="140" status="PASS">
          <reporter-output>
          </reporter-output>
        </test-method> <!-- verifyprivacyclick -->
        <test-method is-config="true" signature="browserClose(org.testng.ITestResult)[pri:0, instance:test.LoginTest@2a7f1f10]" started-at="2025-04-19T10:26:19 IST" name="browserClose" finished-at="2025-04-19T10:26:19 IST" duration-ms="2" status="PASS">
          <params>
            <param index="0">
              <value>
                <![CDATA[[TestResult name=verifyprivacyclick status=SUCCESS method=LoginTest.verifyprivacyclick()[pri:0, instance:test.LoginTest@2a7f1f10] output={null}]]]>
              </value>
            </param>
          </params>
          <reporter-output>
          </reporter-output>
        </test-method> <!-- browserClose -->
      </class> <!-- test.LoginTest -->
    </test> <!-- Default test -->
  </suite> <!-- Default suite -->
</testng-results>
